Analysis & Synthesis report for ULA8bits
Sun Mar 11 19:05:24 2018
Quartus II 64-Bit Version 13.0.1 Build 232 06/12/2013 Service Pack 1 SJ Web Edition


---------------------
; Table of Contents ;
---------------------
  1. Legal Notice
  2. Analysis & Synthesis Summary
  3. Analysis & Synthesis Settings
  4. Parallel Compilation
  5. Analysis & Synthesis Source Files Read
  6. Analysis & Synthesis Resource Usage Summary
  7. Analysis & Synthesis Resource Utilization by Entity
  8. Analysis & Synthesis DSP Block Usage Summary
  9. User-Specified and Inferred Latches
 10. General Register Statistics
 11. Multiplexer Restructuring Statistics (Restructuring Performed)
 12. Parameter Settings for Inferred Entity Instance: lpm_mult:Mult0
 13. lpm_mult Parameter Settings by Entity Instance
 14. Elapsed Time Per Partition
 15. Analysis & Synthesis Messages



----------------
; Legal Notice ;
----------------
Copyright (C) 1991-2013 Altera Corporation
Your use of Altera Corporation's design tools, logic functions 
and other software and tools, and its AMPP partner logic 
functions, and any output files from any of the foregoing 
(including device programming or simulation files), and any 
associated documentation or information are expressly subject 
to the terms and conditions of the Altera Program License 
Subscription Agreement, Altera MegaCore Function License 
Agreement, or other applicable license agreement, including, 
without limitation, that your use is for the sole purpose of 
programming logic devices manufactured by Altera and sold by 
Altera or its authorized distributors.  Please refer to the 
applicable agreement for further details.



+--------------------------------------------------------------------------------------+
; Analysis & Synthesis Summary                                                         ;
+------------------------------------+-------------------------------------------------+
; Analysis & Synthesis Status        ; Successful - Sun Mar 11 19:05:24 2018           ;
; Quartus II 64-Bit Version          ; 13.0.1 Build 232 06/12/2013 SP 1 SJ Web Edition ;
; Revision Name                      ; ULA8bits                                        ;
; Top-level Entity Name              ; ULA8bits                                        ;
; Family                             ; Cyclone II                                      ;
; Total logic elements               ; 165                                             ;
;     Total combinational functions  ; 165                                             ;
;     Dedicated logic registers      ; 0                                               ;
; Total registers                    ; 0                                               ;
; Total pins                         ; 47                                              ;
; Total virtual pins                 ; 0                                               ;
; Total memory bits                  ; 0                                               ;
; Embedded Multiplier 9-bit elements ; 1                                               ;
; Total PLLs                         ; 0                                               ;
+------------------------------------+-------------------------------------------------+


+----------------------------------------------------------------------------------------------------------------------+
; Analysis & Synthesis Settings                                                                                        ;
+----------------------------------------------------------------------------+--------------------+--------------------+
; Option                                                                     ; Setting            ; Default Value      ;
+----------------------------------------------------------------------------+--------------------+--------------------+
; Device                                                                     ; EP2C35F672C6       ;                    ;
; Top-level entity name                                                      ; ULA8bits           ; ULA8bits           ;
; Family name                                                                ; Cyclone II         ; Cyclone IV GX      ;
; Use smart compilation                                                      ; Off                ; Off                ;
; Enable parallel Assembler and TimeQuest Timing Analyzer during compilation ; On                 ; On                 ;
; Enable compact report table                                                ; Off                ; Off                ;
; Restructure Multiplexers                                                   ; Auto               ; Auto               ;
; Create Debugging Nodes for IP Cores                                        ; Off                ; Off                ;
; Preserve fewer node names                                                  ; On                 ; On                 ;
; Disable OpenCore Plus hardware evaluation                                  ; Off                ; Off                ;
; Verilog Version                                                            ; Verilog_2001       ; Verilog_2001       ;
; VHDL Version                                                               ; VHDL_1993          ; VHDL_1993          ;
; State Machine Processing                                                   ; Auto               ; Auto               ;
; Safe State Machine                                                         ; Off                ; Off                ;
; Extract Verilog State Machines                                             ; On                 ; On                 ;
; Extract VHDL State Machines                                                ; On                 ; On                 ;
; Ignore Verilog initial constructs                                          ; Off                ; Off                ;
; Iteration limit for constant Verilog loops                                 ; 5000               ; 5000               ;
; Iteration limit for non-constant Verilog loops                             ; 250                ; 250                ;
; Add Pass-Through Logic to Inferred RAMs                                    ; On                 ; On                 ;
; Infer RAMs from Raw Logic                                                  ; On                 ; On                 ;
; Parallel Synthesis                                                         ; On                 ; On                 ;
; DSP Block Balancing                                                        ; Auto               ; Auto               ;
; NOT Gate Push-Back                                                         ; On                 ; On                 ;
; Power-Up Don't Care                                                        ; On                 ; On                 ;
; Remove Redundant Logic Cells                                               ; Off                ; Off                ;
; Remove Duplicate Registers                                                 ; On                 ; On                 ;
; Ignore CARRY Buffers                                                       ; Off                ; Off                ;
; Ignore CASCADE Buffers                                                     ; Off                ; Off                ;
; Ignore GLOBAL Buffers                                                      ; Off                ; Off                ;
; Ignore ROW GLOBAL Buffers                                                  ; Off                ; Off                ;
; Ignore LCELL Buffers                                                       ; Off                ; Off                ;
; Ignore SOFT Buffers                                                        ; On                 ; On                 ;
; Limit AHDL Integers to 32 Bits                                             ; Off                ; Off                ;
; Optimization Technique                                                     ; Balanced           ; Balanced           ;
; Carry Chain Length                                                         ; 70                 ; 70                 ;
; Auto Carry Chains                                                          ; On                 ; On                 ;
; Auto Open-Drain Pins                                                       ; On                 ; On                 ;
; Perform WYSIWYG Primitive Resynthesis                                      ; Off                ; Off                ;
; Auto ROM Replacement                                                       ; On                 ; On                 ;
; Auto RAM Replacement                                                       ; On                 ; On                 ;
; Auto Shift Register Replacement                                            ; Auto               ; Auto               ;
; Allow Shift Register Merging across Hierarchies                            ; Auto               ; Auto               ;
; Auto Clock Enable Replacement                                              ; On                 ; On                 ;
; Strict RAM Replacement                                                     ; Off                ; Off                ;
; Allow Synchronous Control Signals                                          ; On                 ; On                 ;
; Force Use of Synchronous Clear Signals                                     ; Off                ; Off                ;
; Auto RAM to Logic Cell Conversion                                          ; Off                ; Off                ;
; Auto Resource Sharing                                                      ; Off                ; Off                ;
; Allow Any RAM Size For Recognition                                         ; Off                ; Off                ;
; Allow Any ROM Size For Recognition                                         ; Off                ; Off                ;
; Allow Any Shift Register Size For Recognition                              ; Off                ; Off                ;
; Use LogicLock Constraints during Resource Balancing                        ; On                 ; On                 ;
; Ignore translate_off and synthesis_off directives                          ; Off                ; Off                ;
; Timing-Driven Synthesis                                                    ; Off                ; Off                ;
; Report Parameter Settings                                                  ; On                 ; On                 ;
; Report Source Assignments                                                  ; On                 ; On                 ;
; Report Connectivity Checks                                                 ; On                 ; On                 ;
; Ignore Maximum Fan-Out Assignments                                         ; Off                ; Off                ;
; Synchronization Register Chain Length                                      ; 2                  ; 2                  ;
; PowerPlay Power Optimization                                               ; Normal compilation ; Normal compilation ;
; HDL message level                                                          ; Level2             ; Level2             ;
; Suppress Register Optimization Related Messages                            ; Off                ; Off                ;
; Number of Removed Registers Reported in Synthesis Report                   ; 5000               ; 5000               ;
; Number of Swept Nodes Reported in Synthesis Report                         ; 5000               ; 5000               ;
; Number of Inverted Registers Reported in Synthesis Report                  ; 100                ; 100                ;
; Clock MUX Protection                                                       ; On                 ; On                 ;
; Auto Gated Clock Conversion                                                ; Off                ; Off                ;
; Block Design Naming                                                        ; Auto               ; Auto               ;
; SDC constraint protection                                                  ; Off                ; Off                ;
; Synthesis Effort                                                           ; Auto               ; Auto               ;
; Shift Register Replacement - Allow Asynchronous Clear Signal               ; On                 ; On                 ;
; Pre-Mapping Resynthesis Optimization                                       ; Off                ; Off                ;
; Analysis & Synthesis Message Level                                         ; Medium             ; Medium             ;
; Disable Register Merging Across Hierarchies                                ; Auto               ; Auto               ;
; Resource Aware Inference For Block RAM                                     ; On                 ; On                 ;
; Synthesis Seed                                                             ; 1                  ; 1                  ;
+----------------------------------------------------------------------------+--------------------+--------------------+


Parallel compilation was disabled, but you have multiple processors available. Enable parallel compilation to reduce compilation time.
+-------------------------------------+
; Parallel Compilation                ;
+----------------------------+--------+
; Processors                 ; Number ;
+----------------------------+--------+
; Number detected on machine ; 4      ;
; Maximum allowed            ; 1      ;
+----------------------------+--------+


+------------------------------------------------------------------------------------------------------------------------------------------------------------------------+
; Analysis & Synthesis Source Files Read                                                                                                                                 ;
+----------------------------------+-----------------+------------------------------+--------------------------------------------------------------------------+---------+
; File Name with User-Entered Path ; Used in Netlist ; File Type                    ; File Name with Absolute Path                                             ; Library ;
+----------------------------------+-----------------+------------------------------+--------------------------------------------------------------------------+---------+
; ULA8bits.vhd                     ; yes             ; User VHDL File               ; C:/Users/Nanas/Documents/github/CircuitosLab/myULA/ULA8bits.vhd          ;         ;
; ArithmeticUnitPkg.vhd            ; yes             ; User VHDL File               ; C:/Users/Nanas/Documents/github/CircuitosLab/myULA/ArithmeticUnitPkg.vhd ;         ;
; LogicUnitPkg.vhd                 ; yes             ; User VHDL File               ; C:/Users/Nanas/Documents/github/CircuitosLab/myULA/LogicUnitPkg.vhd      ;         ;
; IoTUnitPkg.vhd                   ; yes             ; User VHDL File               ; C:/Users/Nanas/Documents/github/CircuitosLab/myULA/IoTUnitPkg.vhd        ;         ;
; lpm_mult.tdf                     ; yes             ; Megafunction                 ; c:/altera/13.0sp1/quartus/libraries/megafunctions/lpm_mult.tdf           ;         ;
; aglobal130.inc                   ; yes             ; Megafunction                 ; c:/altera/13.0sp1/quartus/libraries/megafunctions/aglobal130.inc         ;         ;
; lpm_add_sub.inc                  ; yes             ; Megafunction                 ; c:/altera/13.0sp1/quartus/libraries/megafunctions/lpm_add_sub.inc        ;         ;
; multcore.inc                     ; yes             ; Megafunction                 ; c:/altera/13.0sp1/quartus/libraries/megafunctions/multcore.inc           ;         ;
; bypassff.inc                     ; yes             ; Megafunction                 ; c:/altera/13.0sp1/quartus/libraries/megafunctions/bypassff.inc           ;         ;
; altshift.inc                     ; yes             ; Megafunction                 ; c:/altera/13.0sp1/quartus/libraries/megafunctions/altshift.inc           ;         ;
; db/mult_o5t.tdf                  ; yes             ; Auto-Generated Megafunction  ; C:/Users/Nanas/Documents/github/CircuitosLab/myULA/db/mult_o5t.tdf       ;         ;
+----------------------------------+-----------------+------------------------------+--------------------------------------------------------------------------+---------+


+-----------------------------------------------------------+
; Analysis & Synthesis Resource Usage Summary               ;
+---------------------------------------------+-------------+
; Resource                                    ; Usage       ;
+---------------------------------------------+-------------+
; Estimated Total logic elements              ; 165         ;
;                                             ;             ;
; Total combinational functions               ; 165         ;
; Logic element usage by number of LUT inputs ;             ;
;     -- 4 input functions                    ; 82          ;
;     -- 3 input functions                    ; 54          ;
;     -- <=2 input functions                  ; 29          ;
;                                             ;             ;
; Logic elements by mode                      ;             ;
;     -- normal mode                          ; 121         ;
;     -- arithmetic mode                      ; 44          ;
;                                             ;             ;
; Total registers                             ; 0           ;
;     -- Dedicated logic registers            ; 0           ;
;     -- I/O registers                        ; 0           ;
;                                             ;             ;
; I/O pins                                    ; 47          ;
; Embedded Multiplier 9-bit elements          ; 1           ;
; Maximum fan-out node                        ; Selector[1] ;
; Maximum fan-out                             ; 35          ;
; Total fan-out                               ; 592         ;
; Average fan-out                             ; 2.77        ;
+---------------------------------------------+-------------+


+---------------------------------------------------------------------------------------------------------------------------------------------------------------------------------------------------------------+
; Analysis & Synthesis Resource Utilization by Entity                                                                                                                                                           ;
+---------------------------------+-------------------+--------------+-------------+--------------+---------+-----------+------+--------------+--------------------------------------------------+--------------+
; Compilation Hierarchy Node      ; LC Combinationals ; LC Registers ; Memory Bits ; DSP Elements ; DSP 9x9 ; DSP 18x18 ; Pins ; Virtual Pins ; Full Hierarchy Name                              ; Library Name ;
+---------------------------------+-------------------+--------------+-------------+--------------+---------+-----------+------+--------------+--------------------------------------------------+--------------+
; |ULA8bits                       ; 165 (165)         ; 0 (0)        ; 0           ; 1            ; 1       ; 0         ; 47   ; 0            ; |ULA8bits                                        ; work         ;
;    |lpm_mult:Mult0|             ; 0 (0)             ; 0 (0)        ; 0           ; 1            ; 1       ; 0         ; 0    ; 0            ; |ULA8bits|lpm_mult:Mult0                         ; work         ;
;       |mult_o5t:auto_generated| ; 0 (0)             ; 0 (0)        ; 0           ; 1            ; 1       ; 0         ; 0    ; 0            ; |ULA8bits|lpm_mult:Mult0|mult_o5t:auto_generated ; work         ;
+---------------------------------+-------------------+--------------+-------------+--------------+---------+-----------+------+--------------+--------------------------------------------------+--------------+
Note: For table entries with two numbers listed, the numbers in parentheses indicate the number of resources of the given type used by the specific entity alone. The numbers listed outside of parentheses indicate the total resources of the given type used by the specific entity and all of its sub-entities in the hierarchy.


+-----------------------------------------------------+
; Analysis & Synthesis DSP Block Usage Summary        ;
+---------------------------------------+-------------+
; Statistic                             ; Number Used ;
+---------------------------------------+-------------+
; Simple Multipliers (9-bit)            ; 1           ;
; Simple Multipliers (18-bit)           ; 0           ;
; Embedded Multiplier Blocks            ; --          ;
; Embedded Multiplier 9-bit elements    ; 1           ;
; Signed Embedded Multipliers           ; 0           ;
; Unsigned Embedded Multipliers         ; 1           ;
; Mixed Sign Embedded Multipliers       ; 0           ;
; Variable Sign Embedded Multipliers    ; 0           ;
; Dedicated Input Shift Register Chains ; 0           ;
+---------------------------------------+-------------+
Note: number of Embedded Multiplier Blocks used is only available after a successful fit.


+----------------------------------------------------------------------------------------------------+
; User-Specified and Inferred Latches                                                                ;
+-----------------------------------------------------+---------------------+------------------------+
; Latch Name                                          ; Latch Enable Signal ; Free of Timing Hazards ;
+-----------------------------------------------------+---------------------+------------------------+
; O[0]$latch                                          ; Mux1                ; yes                    ;
; O[0]_205                                            ; Mux1                ; yes                    ;
; O[1]$latch                                          ; Mux1                ; yes                    ;
; O[2]$latch                                          ; Mux1                ; yes                    ;
; O[3]$latch                                          ; Mux1                ; yes                    ;
; O[4]$latch                                          ; Mux1                ; yes                    ;
; O[5]$latch                                          ; Mux1                ; yes                    ;
; O[6]$latch                                          ; Mux1                ; yes                    ;
; O[7]$latch                                          ; Mux1                ; yes                    ;
; O[8]$latch                                          ; Mux1                ; yes                    ;
; O[9]$latch                                          ; Mux1                ; yes                    ;
; O[10]$latch                                         ; Mux1                ; yes                    ;
; O[11]$latch                                         ; Mux1                ; yes                    ;
; O[12]$latch                                         ; Mux1                ; yes                    ;
; O[13]$latch                                         ; Mux1                ; yes                    ;
; O[14]$latch                                         ; Mux1                ; yes                    ;
; O[15]$latch                                         ; Mux1                ; yes                    ;
; Number of user-specified and inferred latches = 17  ;                     ;                        ;
+-----------------------------------------------------+---------------------+------------------------+
Note: All latches listed above may not be present at the end of synthesis due to various synthesis optimizations.


+------------------------------------------------------+
; General Register Statistics                          ;
+----------------------------------------------+-------+
; Statistic                                    ; Value ;
+----------------------------------------------+-------+
; Total registers                              ; 0     ;
; Number of registers using Synchronous Clear  ; 0     ;
; Number of registers using Synchronous Load   ; 0     ;
; Number of registers using Asynchronous Clear ; 0     ;
; Number of registers using Asynchronous Load  ; 0     ;
; Number of registers using Clock Enable       ; 0     ;
; Number of registers using Preset             ; 0     ;
+----------------------------------------------+-------+


+------------------------------------------------------------------------------------------------------------------------------------------+
; Multiplexer Restructuring Statistics (Restructuring Performed)                                                                           ;
+--------------------+-----------+---------------+----------------------+------------------------+------------+----------------------------+
; Multiplexer Inputs ; Bus Width ; Baseline Area ; Area if Restructured ; Saving if Restructured ; Registered ; Example Multiplexer Output ;
+--------------------+-----------+---------------+----------------------+------------------------+------------+----------------------------+
; 6:1                ; 7 bits    ; 28 LEs        ; 14 LEs               ; 14 LEs                 ; No         ; |ULA8bits|Mux13            ;
; 16:1               ; 6 bits    ; 60 LEs        ; 60 LEs               ; 0 LEs                  ; No         ; |ULA8bits|Mux6             ;
+--------------------+-----------+---------------+----------------------+------------------------+------------+----------------------------+


+-----------------------------------------------------------------------------------+
; Parameter Settings for Inferred Entity Instance: lpm_mult:Mult0                   ;
+------------------------------------------------+------------+---------------------+
; Parameter Name                                 ; Value      ; Type                ;
+------------------------------------------------+------------+---------------------+
; AUTO_CARRY_CHAINS                              ; ON         ; AUTO_CARRY          ;
; IGNORE_CARRY_BUFFERS                           ; OFF        ; IGNORE_CARRY        ;
; AUTO_CASCADE_CHAINS                            ; ON         ; AUTO_CASCADE        ;
; IGNORE_CASCADE_BUFFERS                         ; OFF        ; IGNORE_CASCADE      ;
; LPM_WIDTHA                                     ; 8          ; Untyped             ;
; LPM_WIDTHB                                     ; 8          ; Untyped             ;
; LPM_WIDTHP                                     ; 16         ; Untyped             ;
; LPM_WIDTHR                                     ; 16         ; Untyped             ;
; LPM_WIDTHS                                     ; 1          ; Untyped             ;
; LPM_REPRESENTATION                             ; UNSIGNED   ; Untyped             ;
; LPM_PIPELINE                                   ; 0          ; Untyped             ;
; LATENCY                                        ; 0          ; Untyped             ;
; INPUT_A_IS_CONSTANT                            ; NO         ; Untyped             ;
; INPUT_B_IS_CONSTANT                            ; NO         ; Untyped             ;
; USE_EAB                                        ; OFF        ; Untyped             ;
; MAXIMIZE_SPEED                                 ; 5          ; Untyped             ;
; DEVICE_FAMILY                                  ; Cyclone II ; Untyped             ;
; CARRY_CHAIN                                    ; MANUAL     ; Untyped             ;
; APEX20K_TECHNOLOGY_MAPPER                      ; LUT        ; TECH_MAPPER_APEX20K ;
; DEDICATED_MULTIPLIER_CIRCUITRY                 ; AUTO       ; Untyped             ;
; DEDICATED_MULTIPLIER_MIN_INPUT_WIDTH_FOR_AUTO  ; 0          ; Untyped             ;
; DEDICATED_MULTIPLIER_MIN_OUTPUT_WIDTH_FOR_AUTO ; 0          ; Untyped             ;
; CBXI_PARAMETER                                 ; mult_o5t   ; Untyped             ;
; INPUT_A_FIXED_VALUE                            ; Bx         ; Untyped             ;
; INPUT_B_FIXED_VALUE                            ; Bx         ; Untyped             ;
; USE_AHDL_IMPLEMENTATION                        ; OFF        ; Untyped             ;
+------------------------------------------------+------------+---------------------+
Note: In order to hide this table in the UI and the text report file, please set the "Show Parameter Settings in Synthesis Report" option in "Analysis and Synthesis Settings -> More Settings" to "Off".


+--------------------------------------------------------+
; lpm_mult Parameter Settings by Entity Instance         ;
+---------------------------------------+----------------+
; Name                                  ; Value          ;
+---------------------------------------+----------------+
; Number of entity instances            ; 1              ;
; Entity Instance                       ; lpm_mult:Mult0 ;
;     -- LPM_WIDTHA                     ; 8              ;
;     -- LPM_WIDTHB                     ; 8              ;
;     -- LPM_WIDTHP                     ; 16             ;
;     -- LPM_REPRESENTATION             ; UNSIGNED       ;
;     -- INPUT_A_IS_CONSTANT            ; NO             ;
;     -- INPUT_B_IS_CONSTANT            ; NO             ;
;     -- USE_EAB                        ; OFF            ;
;     -- DEDICATED_MULTIPLIER_CIRCUITRY ; AUTO           ;
;     -- INPUT_A_FIXED_VALUE            ; Bx             ;
;     -- INPUT_B_FIXED_VALUE            ; Bx             ;
+---------------------------------------+----------------+


+-------------------------------+
; Elapsed Time Per Partition    ;
+----------------+--------------+
; Partition Name ; Elapsed Time ;
+----------------+--------------+
; Top            ; 00:00:01     ;
+----------------+--------------+


+-------------------------------+
; Analysis & Synthesis Messages ;
+-------------------------------+
Info: *******************************************************************
Info: Running Quartus II 64-Bit Analysis & Synthesis
    Info: Version 13.0.1 Build 232 06/12/2013 Service Pack 1 SJ Web Edition
    Info: Processing started: Sun Mar 11 19:05:21 2018
Info: Command: quartus_map --read_settings_files=on --write_settings_files=off ULA8bits -c ULA8bits
Warning (20028): Parallel compilation is not licensed and has been disabled
Info (12021): Found 2 design units, including 1 entities, in source file ula8bits.vhd
    Info (12022): Found design unit 1: ULA8bits-hardware
    Info (12023): Found entity 1: ULA8bits
Info (12021): Found 2 design units, including 0 entities, in source file arithmeticunitpkg.vhd
    Info (12022): Found design unit 1: ArithmeticUnitPkg
    Info (12022): Found design unit 2: ArithmeticUnitPkg-body
Info (12021): Found 2 design units, including 0 entities, in source file logicunitpkg.vhd
    Info (12022): Found design unit 1: LogicUnitPkg
    Info (12022): Found design unit 2: LogicUnitPkg-body
Info (12021): Found 2 design units, including 0 entities, in source file iotunitpkg.vhd
    Info (12022): Found design unit 1: IoTUnitPkg
    Info (12022): Found design unit 2: IoTUnitPkg-body
Info (12127): Elaborating entity "ULA8bits" for the top level hierarchy
Warning (10492): VHDL Process Statement warning at ULA8bits.vhd(45): signal "RFID" is read inside the Process Statement but isn't in the Process Statement's sensitivity list
Warning (10492): VHDL Process Statement warning at ULA8bits.vhd(47): signal "RFID" is read inside the Process Statement but isn't in the Process Statement's sensitivity list
Warning (10492): VHDL Process Statement warning at ULA8bits.vhd(48): signal "reg_logger" is read inside the Process Statement but isn't in the Process Statement's sensitivity list
Warning (10492): VHDL Process Statement warning at ULA8bits.vhd(49): signal "RFID" is read inside the Process Statement but isn't in the Process Statement's sensitivity list
Warning (10492): VHDL Process Statement warning at ULA8bits.vhd(50): signal "reg_logger" is read inside the Process Statement but isn't in the Process Statement's sensitivity list
Warning (10631): VHDL Process Statement warning at ULA8bits.vhd(24): inferring latch(es) for signal or variable "O", which holds its previous value in one or more paths through the process
Warning (10631): VHDL Process Statement warning at ULA8bits.vhd(24): inferring latch(es) for signal or variable "LedOut", which holds its previous value in one or more paths through the process
Warning (10873): Using initial value X (don't care) for net "reg_logger" at ULA8bits.vhd(21)
Info (10041): Inferred latch for "LedOut[0]" at ULA8bits.vhd(24)
Info (10041): Inferred latch for "LedOut[1]" at ULA8bits.vhd(24)
Info (10041): Inferred latch for "O[0]" at ULA8bits.vhd(24)
Info (10041): Inferred latch for "O[1]" at ULA8bits.vhd(24)
Info (10041): Inferred latch for "O[2]" at ULA8bits.vhd(24)
Info (10041): Inferred latch for "O[3]" at ULA8bits.vhd(24)
Info (10041): Inferred latch for "O[4]" at ULA8bits.vhd(24)
Info (10041): Inferred latch for "O[5]" at ULA8bits.vhd(24)
Info (10041): Inferred latch for "O[6]" at ULA8bits.vhd(24)
Info (10041): Inferred latch for "O[7]" at ULA8bits.vhd(24)
Info (10041): Inferred latch for "O[8]" at ULA8bits.vhd(24)
Info (10041): Inferred latch for "O[9]" at ULA8bits.vhd(24)
Info (10041): Inferred latch for "O[10]" at ULA8bits.vhd(24)
Info (10041): Inferred latch for "O[11]" at ULA8bits.vhd(24)
Info (10041): Inferred latch for "O[12]" at ULA8bits.vhd(24)
Info (10041): Inferred latch for "O[13]" at ULA8bits.vhd(24)
Info (10041): Inferred latch for "O[14]" at ULA8bits.vhd(24)
Info (10041): Inferred latch for "O[15]" at ULA8bits.vhd(24)
Info (278001): Inferred 1 megafunctions from design logic
    Info (278003): Inferred multiplier megafunction ("lpm_mult") from the following logic: "Mult0"
Info (12130): Elaborated megafunction instantiation "lpm_mult:Mult0"
Info (12133): Instantiated megafunction "lpm_mult:Mult0" with the following parameter:
    Info (12134): Parameter "LPM_WIDTHA" = "8"
    Info (12134): Parameter "LPM_WIDTHB" = "8"
    Info (12134): Parameter "LPM_WIDTHP" = "16"
    Info (12134): Parameter "LPM_WIDTHR" = "16"
    Info (12134): Parameter "LPM_WIDTHS" = "1"
    Info (12134): Parameter "LPM_REPRESENTATION" = "UNSIGNED"
    Info (12134): Parameter "INPUT_A_IS_CONSTANT" = "NO"
    Info (12134): Parameter "INPUT_B_IS_CONSTANT" = "NO"
    Info (12134): Parameter "MAXIMIZE_SPEED" = "5"
Info (12021): Found 1 design units, including 1 entities, in source file db/mult_o5t.tdf
    Info (12023): Found entity 1: mult_o5t
Warning (13012): Latch O[0]$latch has unsafe behavior
    Warning (13013): Ports D and ENA on the latch are fed by the same signal Selector[3]
Warning (13012): Latch O[0]_205 has unsafe behavior
    Warning (13013): Ports D and ENA on the latch are fed by the same signal Selector[4]
Warning (13012): Latch O[1]$latch has unsafe behavior
    Warning (13013): Ports D and ENA on the latch are fed by the same signal Selector[4]
Warning (13012): Latch O[2]$latch has unsafe behavior
    Warning (13013): Ports D and ENA on the latch are fed by the same signal Selector[4]
Warning (13012): Latch O[3]$latch has unsafe behavior
    Warning (13013): Ports D and ENA on the latch are fed by the same signal Selector[4]
Warning (13012): Latch O[4]$latch has unsafe behavior
    Warning (13013): Ports D and ENA on the latch are fed by the same signal Selector[4]
Warning (13012): Latch O[5]$latch has unsafe behavior
    Warning (13013): Ports D and ENA on the latch are fed by the same signal Selector[4]
Warning (13012): Latch O[6]$latch has unsafe behavior
    Warning (13013): Ports D and ENA on the latch are fed by the same signal Selector[4]
Warning (13012): Latch O[7]$latch has unsafe behavior
    Warning (13013): Ports D and ENA on the latch are fed by the same signal Selector[3]
Warning (13012): Latch O[8]$latch has unsafe behavior
    Warning (13013): Ports D and ENA on the latch are fed by the same signal Selector[1]
Warning (13012): Latch O[9]$latch has unsafe behavior
    Warning (13013): Ports D and ENA on the latch are fed by the same signal Selector[2]
Warning (13012): Latch O[10]$latch has unsafe behavior
    Warning (13013): Ports D and ENA on the latch are fed by the same signal Selector[2]
Warning (13012): Latch O[11]$latch has unsafe behavior
    Warning (13013): Ports D and ENA on the latch are fed by the same signal Selector[2]
Warning (13012): Latch O[12]$latch has unsafe behavior
    Warning (13013): Ports D and ENA on the latch are fed by the same signal Selector[2]
Warning (13012): Latch O[13]$latch has unsafe behavior
    Warning (13013): Ports D and ENA on the latch are fed by the same signal Selector[2]
Warning (13012): Latch O[14]$latch has unsafe behavior
    Warning (13013): Ports D and ENA on the latch are fed by the same signal Selector[2]
Warning (13012): Latch O[15]$latch has unsafe behavior
    Warning (13013): Ports D and ENA on the latch are fed by the same signal Selector[2]
Warning (13024): Output pins are stuck at VCC or GND
    Warning (13410): Pin "LedOut[0]" is stuck at GND
    Warning (13410): Pin "LedOut[1]" is stuck at GND
Info (16010): Generating hard_block partition "hard_block:auto_generated_inst"
    Info (16011): Adding 0 node(s), including 0 DDIO, 0 PLL, 0 transceiver and 0 LCELL
Warning (21074): Design contains 8 input pin(s) that do not drive logic
    Warning (15610): No output dependent on input pin "RFID[0]"
    Warning (15610): No output dependent on input pin "RFID[1]"
    Warning (15610): No output dependent on input pin "RFID[2]"
    Warning (15610): No output dependent on input pin "RFID[3]"
    Warning (15610): No output dependent on input pin "RFID[4]"
    Warning (15610): No output dependent on input pin "RFID[5]"
    Warning (15610): No output dependent on input pin "RFID[6]"
    Warning (15610): No output dependent on input pin "RFID[7]"
Info (21057): Implemented 213 device resources after synthesis - the final resource count might be different
    Info (21058): Implemented 29 input pins
    Info (21059): Implemented 18 output pins
    Info (21061): Implemented 165 logic cells
    Info (21062): Implemented 1 DSP elements
Info: Quartus II 64-Bit Analysis & Synthesis was successful. 0 errors, 55 warnings
    Info: Peak virtual memory: 530 megabytes
    Info: Processing ended: Sun Mar 11 19:05:24 2018
    Info: Elapsed time: 00:00:03
    Info: Total CPU time (on all processors): 00:00:02


